app/build/intermediates/manifest_merge_blame_file/debug/manifest-merger-blame-debug-report.txt
1<?xml version="1.0" encoding="utf-8"?>
2<manifest xmlns:android="http://schemas.android.com/apk/res/android"
3    xmlns:dist="http://schemas.android.com/apk/distribution"
4    package="com.example.devjams19"
5    android:versionCode="1"
6    android:versionName="1.0" >
7
8    <uses-sdk
9        android:minSdkVersion="24"
9-->src\main\AndroidManifest.xml
10        android:targetSdkVersion="29" />
10-->src\main\AndroidManifest.xml
11
12    <uses-permission android:name="android.permission.CAMERA" />
12-->src\main\AndroidManifest.xml:6:5-65
12-->src\main\AndroidManifest.xml:6:22-62
13
14    <uses-feature
14-->src\main\AndroidManifest.xml:8:5-10:35
15        android:name="android.hardware.camera.ar"
15-->src\main\AndroidManifest.xml:9:9-50
16        android:required="true" />
16-->src\main\AndroidManifest.xml:10:9-32
17
18    <dist:module dist:instant="true" />
18-->src\main\AndroidManifest.xml:12:5-40
18-->src\main\AndroidManifest.xml:12:18-37
19
20    <!-- Although the *SdkVersion is captured in gradle build files, this is required for non gradle builds -->
21    <!-- <uses-sdk android:minSdkVersion="14"/> -->
22    <uses-permission android:name="android.permission.ACCESS_NETWORK_STATE" />
22-->[com.google.firebase:firebase-database:19.0.0] AndroidManifest.xml:25:5-79
22-->[com.google.firebase:firebase-database:19.0.0] AndroidManifest.xml:25:22-76
23    <uses-permission android:name="android.permission.INTERNET" />
23-->[com.google.firebase:firebase-database:19.0.0] AndroidManifest.xml:26:5-67
23-->[com.google.firebase:firebase-database:19.0.0] AndroidManifest.xml:26:22-64
24
25    <application
25-->src\main\AndroidManifest.xml:14:5-39:19
26        android:allowBackup="true"
26-->src\main\AndroidManifest.xml:15:9-35
27        android:appComponentFactory="androidx.core.app.CoreComponentFactory"
27-->[androidx.core:core:1.1.0] AndroidManifest.xml:24:18-86
28        android:debuggable="true"
29        android:extractNativeLibs="false"
30        android:icon="@mipmap/ic_launcher"
30-->src\main\AndroidManifest.xml:16:9-43
31        android:label="@string/app_name"
31-->src\main\AndroidManifest.xml:17:9-41
32        android:roundIcon="@mipmap/ic_launcher_round"
32-->src\main\AndroidManifest.xml:18:9-54
33        android:supportsRtl="true"
33-->src\main\AndroidManifest.xml:19:9-35
34        android:theme="@style/AppTheme" >
34-->src\main\AndroidManifest.xml:20:9-40
35        <activity android:name="com.example.devjams19.LoginActivity" />
35-->src\main\AndroidManifest.xml:21:9-60
35-->src\main\AndroidManifest.xml:21:19-48
36        <activity android:name="com.example.devjams19.DisplayActivity" />
36-->src\main\AndroidManifest.xml:22:9-53
36-->src\main\AndroidManifest.xml:22:19-50
37        <activity android:name="com.example.devjams19.SplashActivity" >
37-->src\main\AndroidManifest.xml:23:9-29:20
37-->src\main\AndroidManifest.xml:23:19-49
38            <intent-filter>
38-->src\main\AndroidManifest.xml:24:13-28:29
39                <action android:name="android.intent.action.MAIN" />
39-->src\main\AndroidManifest.xml:25:17-69
39-->src\main\AndroidManifest.xml:25:25-66
40
41                <category android:name="android.intent.category.LAUNCHER" />
41-->src\main\AndroidManifest.xml:27:17-77
41-->src\main\AndroidManifest.xml:27:27-74
42            </intent-filter>
43        </activity>
44        <activity android:name="com.example.devjams19.ObjectActivity" />
44-->src\main\AndroidManifest.xml:30:9-52
44-->src\main\AndroidManifest.xml:30:19-49
45        <activity android:name="com.example.devjams19.LakeActivity" />
45-->src\main\AndroidManifest.xml:31:9-50
45-->src\main\AndroidManifest.xml:31:19-47
46        <activity android:name="com.example.devjams19.ArActivity" />
46-->src\main\AndroidManifest.xml:32:9-48
46-->src\main\AndroidManifest.xml:32:19-45
47        <activity android:name="com.example.devjams19.ParkingActivity" />
47-->src\main\AndroidManifest.xml:33:9-53
47-->src\main\AndroidManifest.xml:33:19-50
48        <activity android:name="com.example.devjams19.MainActivity" />
48-->src\main\AndroidManifest.xml:34:9-50
48-->src\main\AndroidManifest.xml:34:19-47
49
50        <meta-data
50-->src\main\AndroidManifest.xml:36:9-38:40
51            android:name="com.google.ar.core"
51-->src\main\AndroidManifest.xml:37:13-46
52            android:value="required" />
52-->src\main\AndroidManifest.xml:38:13-37
53
54        <service
54-->[com.google.firebase:firebase-database:19.0.0] AndroidManifest.xml:29:9-35:19
55            android:name="com.google.firebase.components.ComponentDiscoveryService"
55-->[com.google.firebase:firebase-database:19.0.0] AndroidManifest.xml:30:13-84
56            android:exported="false" >
56-->[com.google.firebase:firebase-database:19.0.0] AndroidManifest.xml:31:13-37
57            <meta-data
57-->[com.google.firebase:firebase-database:19.0.0] AndroidManifest.xml:32:13-34:85
58                android:name="com.google.firebase.components:com.google.firebase.database.DatabaseRegistrar"
58-->[com.google.firebase:firebase-database:19.0.0] AndroidManifest.xml:33:17-109
59                android:value="com.google.firebase.components.ComponentRegistrar" />
59-->[com.google.firebase:firebase-database:19.0.0] AndroidManifest.xml:34:17-82
60            <meta-data
60-->[com.google.firebase:firebase-auth:19.1.0] AndroidManifest.xml:36:13-38:85
61                android:name="com.google.firebase.components:com.google.firebase.auth.FirebaseAuthRegistrar"
61-->[com.google.firebase:firebase-auth:19.1.0] AndroidManifest.xml:37:17-109
62                android:value="com.google.firebase.components.ComponentRegistrar" />
62-->[com.google.firebase:firebase-auth:19.1.0] AndroidManifest.xml:38:17-82
63        </service>
64
65        <activity
65-->[com.google.firebase:firebase-auth:19.1.0] AndroidManifest.xml:24:9-31:50
66            android:name="com.google.firebase.auth.internal.FederatedSignInActivity"
66-->[com.google.firebase:firebase-auth:19.1.0] AndroidManifest.xml:25:13-85
67            android:excludeFromRecents="true"
67-->[com.google.firebase:firebase-auth:19.1.0] AndroidManifest.xml:26:13-46
68            android:exported="true"
68-->[com.google.firebase:firebase-auth:19.1.0] AndroidManifest.xml:27:13-36
69            android:launchMode="singleTask"
69-->[com.google.firebase:firebase-auth:19.1.0] AndroidManifest.xml:28:13-44
70            android:permission="com.google.firebase.auth.api.gms.permission.LAUNCH_FEDERATED_SIGN_IN"
70-->[com.google.firebase:firebase-auth:19.1.0] AndroidManifest.xml:29:13-102
71            android:theme="@android:style/Theme.Translucent.NoTitleBar" />
71-->[com.google.firebase:firebase-auth:19.1.0] AndroidManifest.xml:30:13-72
72
73        <provider
73-->[com.google.firebase:firebase-common:19.0.0] AndroidManifest.xml:12:9-16:39
74            android:name="com.google.firebase.provider.FirebaseInitProvider"
74-->[com.google.firebase:firebase-common:19.0.0] AndroidManifest.xml:13:13-77
75            android:authorities="com.example.devjams19.firebaseinitprovider"
75-->[com.google.firebase:firebase-common:19.0.0] AndroidManifest.xml:14:13-72
76            android:exported="false"
76-->[com.google.firebase:firebase-common:19.0.0] AndroidManifest.xml:15:13-37
77            android:initOrder="100" />
77-->[com.google.firebase:firebase-common:19.0.0] AndroidManifest.xml:16:13-36
78
79        <activity
79-->[com.google.android.gms:play-services-base:17.1.0] AndroidManifest.xml:23:9-26:75
80            android:name="com.google.android.gms.common.api.GoogleApiActivity"
80-->[com.google.android.gms:play-services-base:17.1.0] AndroidManifest.xml:24:13-79
81            android:exported="false"
81-->[com.google.android.gms:play-services-base:17.1.0] AndroidManifest.xml:25:13-37
82            android:theme="@android:style/Theme.Translucent.NoTitleBar" />
82-->[com.google.android.gms:play-services-base:17.1.0] AndroidManifest.xml:26:13-72
83
84        <meta-data
84-->[com.google.android.gms:play-services-basement:17.0.0] AndroidManifest.xml:23:9-25:69
85            android:name="com.google.android.gms.version"
85-->[com.google.android.gms:play-services-basement:17.0.0] AndroidManifest.xml:24:13-58
86            android:value="@integer/google_play_services_version" /> <!-- The minimal version code of ARCore APK required for an app using this SDK. -->
86-->[com.google.android.gms:play-services-basement:17.0.0] AndroidManifest.xml:25:13-66
87        <meta-data
87-->[com.google.ar:core:1.12.0] AndroidManifest.xml:33:9-35:41
88            android:name="com.google.ar.core.min_apk_version"
88-->[com.google.ar:core:1.12.0] AndroidManifest.xml:34:13-62
89            android:value="190805000" /> <!-- This activity is critical for installing ARCore when it is not already present. -->
89-->[com.google.ar:core:1.12.0] AndroidManifest.xml:35:13-38
90        <activity
90-->[com.google.ar:core:1.12.0] AndroidManifest.xml:37:9-43:80
91            android:name="com.google.ar.core.InstallActivity"
91-->[com.google.ar:core:1.12.0] AndroidManifest.xml:38:13-62
92            android:configChanges="keyboardHidden|orientation|screenSize"
92-->[com.google.ar:core:1.12.0] AndroidManifest.xml:39:13-74
93            android:excludeFromRecents="true"
93-->[com.google.ar:core:1.12.0] AndroidManifest.xml:40:13-46
94            android:exported="false"
94-->[com.google.ar:core:1.12.0] AndroidManifest.xml:41:13-37
95            android:launchMode="singleTop"
95-->[com.google.ar:core:1.12.0] AndroidManifest.xml:42:13-43
96            android:theme="@android:style/Theme.Material.Light.Dialog.Alert" />
96-->[com.google.ar:core:1.12.0] AndroidManifest.xml:43:13-77
97    </application>
98
99</manifest>